  main.cpp
main.obj : error LNK2019: unresolved external symbol "void __cdecl cv::fastFree(void *)" (?fastFree@cv@@YAXPAX@Z) referenced in function "public: __thiscall cv::Mat::~Mat(void)" (??1Mat@cv@@QAE@XZ)
main.obj : error LNK2019: unresolved external symbol "private: char * __thiscall cv::String::allocate(unsigned int)" (?allocate@String@cv@@AAEPADI@Z) referenced in function "public: __thiscall cv::String::String(char const *)" (??0String@cv@@QAE@PBD@Z)
main.obj : error LNK2019: unresolved external symbol "private: void __thiscall cv::String::deallocate(void)" (?deallocate@String@cv@@AAEXXZ) referenced in function "public: __thiscall cv::String::~String(void)" (??1String@cv@@QAE@XZ)
main.obj : error LNK2019: unresolved external symbol "void __cdecl cv::error(int,class cv::String const &,char const *,char const *,int)" (?error@cv@@YAXHABVString@1@PBD1H@Z) referenced in function "public: __thiscall cv::Mat::Mat(class cv::Mat &&)" (??0Mat@cv@@QAE@$$QAV01@@Z)
main.obj : error LNK2019: unresolved external symbol "class cv::debug_build_guard::_InputOutputArray const & __cdecl cv::noArray(void)" (?noArray@cv@@YAABV_InputOutputArray@debug_build_guard@1@XZ) referenced in function "void __cdecl on_mouse(int,int,int,int,void *)" (?on_mouse@@YAXHHHHPAX@Z)
main.obj : error LNK2019: unresolved external symbol "public: void __thiscall cv::Mat::copyTo(class cv::debug_build_guard::_OutputArray const &,class cv::debug_build_guard::_InputArray const &)const " (?copyTo@Mat@cv@@QBEXABV_OutputArray@debug_build_guard@2@ABV_InputArray@42@@Z) referenced in function "void __cdecl showFinal(class cv::Mat,class cv::Mat)" (?showFinal@@YAXVMat@cv@@0@Z)
main.obj : error LNK2019: unresolved external symbol "public: void __thiscall cv::Mat::deallocate(void)" (?deallocate@Mat@cv@@QAEXXZ) referenced in function "public: void __thiscall cv::Mat::release(void)" (?release@Mat@cv@@QAEXXZ)
main.obj : error LNK2019: unresolved external symbol "public: void __thiscall cv::Mat::copySize(class cv::Mat const &)" (?copySize@Mat@cv@@QAEXABV12@@Z) referenced in function "public: __thiscall cv::Mat::Mat(class cv::Mat const &)" (??0Mat@cv@@QAE@ABV01@@Z)
main.obj : error LNK2019: unresolved external symbol "class cv::MatExpr __cdecl cv::operator+(class cv::Mat const &,class cv::Mat const &)" (??Hcv@@YA?AVMatExpr@0@ABVMat@0@0@Z) referenced in function "void __cdecl showFinal(class cv::Mat,class cv::Mat)" (?showFinal@@YAXVMat@cv@@0@Z)
main.obj : error LNK2019: unresolved external symbol "void __cdecl cv::bitwise_not(class cv::debug_build_guard::_InputArray const &,class cv::debug_build_guard::_OutputArray const &,class cv::debug_build_guard::_InputArray const &)" (?bitwise_not@cv@@YAXABV_InputArray@debug_build_guard@1@ABV_OutputArray@31@0@Z) referenced in function "void __cdecl showFinal(class cv::Mat,class cv::Mat)" (?showFinal@@YAXVMat@cv@@0@Z)
main.obj : error LNK2019: unresolved external symbol "class cv::Mat __cdecl cv::imread(class cv::String const &,int)" (?imread@cv@@YA?AVMat@1@ABVString@1@H@Z) referenced in function _main
main.obj : error LNK2019: unresolved external symbol "void __cdecl cv::namedWindow(class cv::String const &,int)" (?namedWindow@cv@@YAXABVString@1@H@Z) referenced in function "void __cdecl showFinal(class cv::Mat,class cv::Mat)" (?showFinal@@YAXVMat@cv@@0@Z)
main.obj : error LNK2019: unresolved external symbol "void __cdecl cv::imshow(class cv::String const &,class cv::debug_build_guard::_InputArray const &)" (?imshow@cv@@YAXABVString@1@ABV_InputArray@debug_build_guard@1@@Z) referenced in function "void __cdecl showFinal(class cv::Mat,class cv::Mat)" (?showFinal@@YAXVMat@cv@@0@Z)
main.obj : error LNK2019: unresolved external symbol "void __cdecl cv::setMouseCallback(class cv::String const &,void (__cdecl*)(int,int,int,int,void *),void *)" (?setMouseCallback@cv@@YAXABVString@1@P6AXHHHHPAX@Z1@Z) referenced in function "void __cdecl on_mouse(int,int,int,int,void *)" (?on_mouse@@YAXHHHHPAX@Z)
main.obj : error LNK2019: unresolved external symbol _cvWaitKey referenced in function "void __cdecl showFinal(class cv::Mat,class cv::Mat)" (?showFinal@@YAXVMat@cv@@0@Z)
main.obj : error LNK2019: unresolved external symbol "void __cdecl cv::warpPerspective(class cv::debug_build_guard::_InputArray const &,class cv::debug_build_guard::_OutputArray const &,class cv::debug_build_guard::_InputArray const &,class cv::Size_<int>,int,int,class cv::Scalar_<double> const &)" (?warpPerspective@cv@@YAXABV_InputArray@debug_build_guard@1@ABV_OutputArray@31@0V?$Size_@H@1@HHABV?$Scalar_@N@1@@Z) referenced in function "void __cdecl on_mouse(int,int,int,int,void *)" (?on_mouse@@YAXHHHHPAX@Z)
main.obj : error LNK2019: unresolved external symbol "double __cdecl cv::threshold(class cv::debug_build_guard::_InputArray const &,class cv::debug_build_guard::_OutputArray const &,double,double,int)" (?threshold@cv@@YANABV_InputArray@debug_build_guard@1@ABV_OutputArray@31@NNH@Z) referenced in function "void __cdecl showFinal(class cv::Mat,class cv::Mat)" (?showFinal@@YAXVMat@cv@@0@Z)
main.obj : error LNK2019: unresolved external symbol "void __cdecl cv::cvtColor(class cv::debug_build_guard::_InputArray const &,class cv::debug_build_guard::_OutputArray const &,int,int)" (?cvtColor@cv@@YAXABV_InputArray@debug_build_guard@1@ABV_OutputArray@31@HH@Z) referenced in function "void __cdecl showFinal(class cv::Mat,class cv::Mat)" (?showFinal@@YAXVMat@cv@@0@Z)
main.obj : error LNK2019: unresolved external symbol "class cv::Mat __cdecl cv::findHomography(class cv::debug_build_guard::_InputArray const &,class cv::debug_build_guard::_InputArray const &,int,double,class cv::debug_build_guard::_OutputArray const &,int,double)" (?findHomography@cv@@YA?AVMat@1@ABV_InputArray@debug_build_guard@1@0HNABV_OutputArray@41@HN@Z) referenced in function "void __cdecl on_mouse(int,int,int,int,void *)" (?on_mouse@@YAXHHHHPAX@Z)
C:\opencv_3.0\opencv\build\x64\vc14\lib\opencv_world340d.lib : warning LNK4272: library machine type 'x64' conflicts with target machine type 'X86'
C:\Users\auean\Desktop\3yp\InVR\tracking\Homography (POM configuration)\POMconfig\Debug\POMconfig.exe : fatal error LNK1120: 19 unresolved externals
